MainThread  Will run the Twitter harvesters.
MainThread  harvestTwitter():
{'client': "Sam1's App",
 'favorites           ': '0/15 (resets in 240 seconds)',
 'followers_ids       ': '15/15 (resets in 935 seconds)',
 'friends_ids         ': '15/15 (resets in 935 seconds)',
 'lookup_users        ': '173/180 (resets in 315 seconds)',
 'rate_limit_status   ': '178/180 (resets in 239 seconds)',
 'user_timeline       ': '180/180 (resets in 935 seconds)'}
{'client': "Sam2's App",
 'favorites           ': '0/15 (resets in 690 seconds)',
 'followers_ids       ': '14/15 (resets in 371 seconds)',
 'friends_ids         ': '15/15 (resets in 935 seconds)',
 'lookup_users        ': '179/180 (resets in 870 seconds)',
 'rate_limit_status   ': '178/180 (resets in 690 seconds)',
 'user_timeline       ': '180/180 (resets in 935 seconds)'}
{'client': "Sam3's App",
 'favorites           ': '0/15 (resets in 116 seconds)',
 'followers_ids       ': '15/15 (resets in 935 seconds)',
 'friends_ids         ': '15/15 (resets in 935 seconds)',
 'lookup_users        ': '172/180 (resets in 64 seconds)',
 'rate_limit_status   ': '178/180 (resets in 114 seconds)',
 'user_timeline       ': '180/180 (resets in 935 seconds)'}
friender1   TwFriendshipUpdater.run():
friender1   TwFriendshipUpdater.execute():
follower1   TwFollowersUpdater.run():
friender1   twUsers left to friend-Harvest: 38
follower1   TwFollowersUpdater.execute():
favtweeter1 TwFavTweetUpdater.run():
MainThread  launchUpdaterTread():
friender1   TwFriendshipUpdater.harvestFriends(twUser):
follower1   twUsers left to follower-Harvest: 35
favtweeter1 TwFavTweetUpdater.execute():
favtweeter1 twUsers left to fav-tweet-Harvest: 40
follower1   TwFollowersUpdater.harvestFollowers(twUser):
friender1   <arg twUser = GeneralTekno>
favtweeter1 TwFavTweetUpdater.harvestFavTweets(twUser):
follower1   <arg twUser = Canine_Rights>
friender1   getClient(callName):
favtweeter1 <arg twUser = GeneralTekno>
follower1   getClient(callName):
friender1   3 clients available
favtweeter1 getClient(callName):
follower1   3 clients available
friender1   valid client found: Sam1's App.
favtweeter1 2 clients available
follower1   valid client found: Sam2's App.
